<?xml version="1.0" encoding="UTF-8" standalone="yes"?>
<ns2:test-suite start="1525868262015" stop="1525868282670" version="1.5.2" xmlns:ns2="urn:model.allure.qatools.yandex.ru">
    <name>Default Suite : AutoTestWeb</name>
    <title>Default Suite : AutoTestWeb</title>
    <test-cases>
        <test-case start="1525868265478" stop="1525868281801" status="broken">
            <name>addNewItemsToBasket</name>
            <description>Add a new item to the basket</description>
            <failure>
                <message>TimeoutException: Expected condition failed: waiting for visibility of T-Shirts Tab (tried for 10 second(s) with 500 milliseconds interval)
Build info: version: '3.10.0', revision: '176b4a9', time: '2018-03-02T19:03:16.397Z'
System info: host: 'ISVGRELT0002689', ip: '172.17.68.94', os.name: 'Windows 7', os.arch: 'amd64', os.version: '6.1', java.version: '1.8.0_161'
Driver info: driver.version: unknown</message>
                <stack-trace>org.openqa.selenium.TimeoutException: Expected condition failed: waiting for visibility of T-Shirts Tab (tried for 10 second(s) with 500 milliseconds interval)
Build info: version: '3.10.0', revision: '176b4a9', time: '2018-03-02T19:03:16.397Z'
System info: host: 'ISVGRELT0002689', ip: '172.17.68.94', os.name: 'Windows 7', os.arch: 'amd64', os.version: '6.1', java.version: '1.8.0_161'
Driver info: driver.version: unknown
	at org.openqa.selenium.support.ui.FluentWait.timeoutException(FluentWait.java:304)
	at org.openqa.selenium.support.ui.FluentWait.until(FluentWait.java:272)
	at com.frameworkium.core.ui.pages.Visibility.lambda$waitForFieldToBeVisible$2(Visibility.java:138)
	at com.frameworkium.core.ui.pages.Visibility.applyToWebElements(Visibility.java:197)
	at com.frameworkium.core.ui.pages.Visibility.waitForFieldToBeVisible(Visibility.java:135)
	at com.frameworkium.core.ui.pages.Visibility.invokeWaitFunctionForField(Visibility.java:113)
	at com.frameworkium.core.ui.pages.Visibility.lambda$waitForAnnotatedElementVisibility$1(Visibility.java:67)
	at java.util.stream.ForEachOps$ForEachOp$OfRef.accept(ForEachOps.java:184)
	at java.util.stream.ReferencePipeline$2$1.accept(ReferencePipeline.java:175)
	at java.util.stream.ReferencePipeline$2$1.accept(ReferencePipeline.java:175)
	at java.util.ArrayList$ArrayListSpliterator.forEachRemaining(ArrayList.java:1382)
	at java.util.stream.AbstractPipeline.copyInto(AbstractPipeline.java:481)
	at java.util.stream.AbstractPipeline.wrapAndCopyInto(AbstractPipeline.java:471)
	at java.util.stream.ForEachOps$ForEachOp.evaluateSequential(ForEachOps.java:151)
	at java.util.stream.ForEachOps$ForEachOp$OfRef.evaluateSequential(ForEachOps.java:174)
	at java.util.stream.AbstractPipeline.evaluate(AbstractPipeline.java:234)
	at java.util.stream.ReferencePipeline.forEach(ReferencePipeline.java:418)
	at com.frameworkium.core.ui.pages.Visibility.waitForAnnotatedElementVisibility(Visibility.java:67)
	at com.frameworkium.core.ui.pages.BasePage.get(BasePage.java:143)
	at com.frameworkium.core.ui.pages.PageFactory.newInstance(PageFactory.java:11)
	at HomePage.LandingPage.open(LandingPage.java:34)
	at Journey1.addItemsToBasket.addNewItemsToBasket(addItemsToBasket.java:16)
	at sun.reflect.NativeMethodAccessorImpl.invoke0(Native Method)
	at sun.reflect.NativeMethodAccessorImpl.invoke(NativeMethodAccessorImpl.java:62)
	at sun.reflect.DelegatingMethodAccessorImpl.invoke(DelegatingMethodAccessorImpl.java:43)
	at java.lang.reflect.Method.invoke(Method.java:498)
	at org.testng.internal.MethodInvocationHelper.invokeMethod(MethodInvocationHelper.java:124)
	at org.testng.internal.Invoker.invokeMethod(Invoker.java:580)
	at org.testng.internal.Invoker.invokeTestMethod(Invoker.java:716)
	at org.testng.internal.Invoker.invokeTestMethods(Invoker.java:988)
	at org.testng.internal.TestMethodWorker.invokeTestMethods(TestMethodWorker.java:125)
	at org.testng.internal.TestMethodWorker.run(TestMethodWorker.java:109)
	at org.testng.TestRunner.privateRun(TestRunner.java:648)
	at org.testng.TestRunner.run(TestRunner.java:505)
	at org.testng.SuiteRunner.runTest(SuiteRunner.java:455)
	at org.testng.SuiteRunner.runSequentially(SuiteRunner.java:450)
	at org.testng.SuiteRunner.privateRun(SuiteRunner.java:415)
	at org.testng.SuiteRunner.run(SuiteRunner.java:364)
	at org.testng.SuiteRunnerWorker.runSuite(SuiteRunnerWorker.java:52)
	at org.testng.SuiteRunnerWorker.run(SuiteRunnerWorker.java:84)
	at org.testng.TestNG.runSuitesSequentially(TestNG.java:1208)
	at org.testng.TestNG.runSuitesLocally(TestNG.java:1137)
	at org.testng.TestNG.runSuites(TestNG.java:1049)
	at org.testng.TestNG.run(TestNG.java:1017)
	at org.testng.IDEARemoteTestNG.run(IDEARemoteTestNG.java:72)
	at org.testng.RemoteTestNGStarter.main(RemoteTestNGStarter.java:123)
</stack-trace>
            </failure>
            <steps/>
            <attachments/>
            <labels>
                <label name="testSuite" value="Default Suite"/>
                <label name="testGroup" value="AutoTestWeb"/>
                <label name="testClass" value="Journey1.addItemsToBasket"/>
                <label name="testMethod" value="addNewItemsToBasket"/>
                <label name="testId" value="RegNew2"/>
                <label name="host" value="ISVGRELT0002689"/>
                <label name="thread" value="11904@ISVGRELT0002689.main(1)"/>
            </labels>
        </test-case>
    </test-cases>
    <labels>
        <label name="framework" value="TestNG"/>
        <label name="language" value="JAVA"/>
    </labels>
</ns2:test-suite>
