<?xml version="1.0" encoding="UTF-8" standalone="yes"?>
<ns2:test-suite start="1526041516719" stop="1526041533870" version="1.5.2" xmlns:ns2="urn:model.allure.qatools.yandex.ru">
    <name>Default Suite : AutoTestWeb</name>
    <title>Default Suite : AutoTestWeb</title>
    <test-cases>
        <test-case start="1526041520197" stop="1526041532934" status="broken">
            <name>addNewItemsToBasket</name>
            <description>Add a new item to the basket</description>
            <failure>
                <message>IllegalStateException: Unable to instantiate PageObject</message>
                <stack-trace>java.lang.IllegalStateException: Unable to instantiate PageObject
	at com.frameworkium.core.ui.pages.PageFactory.instantiatePageObject(PageFactory.java:46)
	at com.frameworkium.core.ui.pages.PageFactory.newInstance(PageFactory.java:11)
	at HomePage.HeaderBarPage.goToDressesPage(HeaderBarPage.java:30)
	at Journey1.addItemsToBasket.addNewItemsToBasket(addItemsToBasket.java:19)
	at sun.reflect.NativeMethodAccessorImpl.invoke0(Native Method)
	at sun.reflect.NativeMethodAccessorImpl.invoke(NativeMethodAccessorImpl.java:62)
	at sun.reflect.DelegatingMethodAccessorImpl.invoke(DelegatingMethodAccessorImpl.java:43)
	at java.lang.reflect.Method.invoke(Method.java:498)
	at org.testng.internal.MethodInvocationHelper.invokeMethod(MethodInvocationHelper.java:124)
	at org.testng.internal.Invoker.invokeMethod(Invoker.java:580)
	at org.testng.internal.Invoker.invokeTestMethod(Invoker.java:716)
	at org.testng.internal.Invoker.invokeTestMethods(Invoker.java:988)
	at org.testng.internal.TestMethodWorker.invokeTestMethods(TestMethodWorker.java:125)
	at org.testng.internal.TestMethodWorker.run(TestMethodWorker.java:109)
	at org.testng.TestRunner.privateRun(TestRunner.java:648)
	at org.testng.TestRunner.run(TestRunner.java:505)
	at org.testng.SuiteRunner.runTest(SuiteRunner.java:455)
	at org.testng.SuiteRunner.runSequentially(SuiteRunner.java:450)
	at org.testng.SuiteRunner.privateRun(SuiteRunner.java:415)
	at org.testng.SuiteRunner.run(SuiteRunner.java:364)
	at org.testng.SuiteRunnerWorker.runSuite(SuiteRunnerWorker.java:52)
	at org.testng.SuiteRunnerWorker.run(SuiteRunnerWorker.java:84)
	at org.testng.TestNG.runSuitesSequentially(TestNG.java:1208)
	at org.testng.TestNG.runSuitesLocally(TestNG.java:1137)
	at org.testng.TestNG.runSuites(TestNG.java:1049)
	at org.testng.TestNG.run(TestNG.java:1017)
	at org.testng.IDEARemoteTestNG.run(IDEARemoteTestNG.java:72)
	at org.testng.RemoteTestNGStarter.main(RemoteTestNGStarter.java:123)
Caused by: java.lang.reflect.InvocationTargetException
	at sun.reflect.NativeConstructorAccessorImpl.newInstance0(Native Method)
	at sun.reflect.NativeConstructorAccessorImpl.newInstance(NativeConstructorAccessorImpl.java:62)
	at sun.reflect.DelegatingConstructorAccessorImpl.newInstance(DelegatingConstructorAccessorImpl.java:45)
	at java.lang.reflect.Constructor.newInstance(Constructor.java:423)
	at com.frameworkium.core.ui.pages.PageFactory.instantiatePageObject(PageFactory.java:43)
	... 27 more
Caused by: java.lang.NullPointerException
	at HomePage.dressesPage.&lt;init&gt;(dressesPage.java:23)
	... 32 more
</stack-trace>
            </failure>
            <steps/>
            <attachments/>
            <labels>
                <label name="testSuite" value="Default Suite"/>
                <label name="testGroup" value="AutoTestWeb"/>
                <label name="testClass" value="Journey1.addItemsToBasket"/>
                <label name="testMethod" value="addNewItemsToBasket"/>
                <label name="testId" value="RegNew2"/>
                <label name="host" value="ISVGRELT0002689"/>
                <label name="thread" value="2444@ISVGRELT0002689.main(1)"/>
            </labels>
        </test-case>
    </test-cases>
    <labels>
        <label name="framework" value="TestNG"/>
        <label name="language" value="JAVA"/>
    </labels>
</ns2:test-suite>
